<?xml version="1.0" encoding="UTF-8"?>
<!-- Generated by org.testng.reporters.JUnitXMLReporter -->
<testsuite hostname="DESKTOP-QR4NIPM" ignored="0" name="Default test" tests="4" failures="0" timestamp="31 Jan 2021 02:49:19 GMT" time="12.637" errors="0">
  <testcase name="createUserAPIPostTest" time="6.377" classname="com.qa.api.gorest.tests.CreateUserTest"/>
  <testcase name="createUserAPIPostTest" time="1.372" classname="com.qa.api.gorest.tests.CreateUserTest"/>
  <testcase name="createUserAPIPostTest" time="1.259" classname="com.qa.api.gorest.tests.CreateUserTest"/>
  <testcase name="createUserAPIPostTest" time="1.234" classname="com.qa.api.gorest.tests.CreateUserTest"/>
</testsuite> <!-- Default test -->
